
> ai-game-classroom@0.1.0 dev
> next dev

▲ Next.js 16.2.7 (Turbopack)
- Local:         http://localhost:3000
- Network:       http://172.17.1.49:3000
- Environments: .env.local
✓ Ready in 957ms

 GET / 200 in 3.1s (next.js: 2.9s, application-code: 211ms)
 GET /student 200 in 453ms (next.js: 392ms, application-code: 61ms)
 GET /api/student/tasks?task_id=survey 200 in 1052ms (next.js: 475ms, application-code: 578ms)
 GET /api/student/tasks?task_id=survey 200 in 243ms (next.js: 4ms, application-code: 239ms)
 GET /api/student/tasks?task_id=1-1 200 in 457ms (next.js: 3ms, application-code: 454ms)
 GET /api/student/tasks?task_id=1-1 200 in 189ms (next.js: 3ms, application-code: 186ms)
✓ Compiled in 117ms
⨯ ./src/components/ModuleIdeation.tsx:6:8
the name `VoiceButton` is defined multiple times
  [90m4 |[0m [36mimport[0m { supabase } [36mfrom[0m [32m"@/components/SupabaseProvider"[0m;
  [90m5 |[0m [36mimport[0m [33mVoiceButton[0m [36mfrom[0m [32m"@/components/VoiceButton"[0m;
[31m[1m>[0m [90m6 |[0m [36mimport[0m [33mVoiceButton[0m [36mfrom[0m [32m"@/components/VoiceButton"[0m;
  [90m  |[0m        [31m[1m^^^^^^^^^^^[0m
  [90m7 |[0m
  [90m8 |[0m [90m// 素材库定义（每个分类80个）[0m
  [90m9 |[0m [90m// 素材库定义（每个分类80个，全部使用 Unicode 6.0-9.0 高兼容性emoji）[0m

Ecmascript file had an error

Import traces:
  Client Component Browser:
    ./src/components/ModuleIdeation.tsx [Client Component Browser]
    ./src/app/student/page.tsx [Client Component Browser]
    ./src/app/student/page.tsx [Server Component]

  Client Component SSR:
    ./src/components/ModuleIdeation.tsx [Client Component SSR]
    ./src/app/student/page.tsx [Client Component SSR]
    ./src/app/student/page.tsx [Server Component]


 GET /student 500 in 1240ms (next.js: 951ms, application-code: 289ms)
⨯ ./src/components/ModuleIdeation.tsx:6:8
the name `VoiceButton` is defined multiple times
  [90m4 |[0m [36mimport[0m { supabase } [36mfrom[0m [32m"@/components/SupabaseProvider"[0m;
  [90m5 |[0m [36mimport[0m [33mVoiceButton[0m [36mfrom[0m [32m"@/components/VoiceButton"[0m;
[31m[1m>[0m [90m6 |[0m [36mimport[0m [33mVoiceButton[0m [36mfrom[0m [32m"@/components/VoiceButton"[0m;
  [90m  |[0m        [31m[1m^^^^^^^^^^^[0m
  [90m7 |[0m
  [90m8 |[0m [90m// 素材库定义（每个分类80个）[0m
  [90m9 |[0m [90m// 素材库定义（每个分类80个，全部使用 Unicode 6.0-9.0 高兼容性emoji）[0m

Ecmascript file had an error

Import traces:
  Client Component Browser:
    ./src/components/ModuleIdeation.tsx [Client Component Browser]
    ./src/app/student/page.tsx [Client Component Browser]
    ./src/app/student/page.tsx [Server Component]

  Client Component SSR:
    ./src/components/ModuleIdeation.tsx [Client Component SSR]
    ./src/app/student/page.tsx [Client Component SSR]
    ./src/app/student/page.tsx [Server Component]


 GET /student 500 in 23ms (next.js: 11ms, application-code: 13ms)
[browser] Uncaught Error: ./src/components/ModuleIdeation.tsx:6:8
the name `VoiceButton` is defined multiple times
  4 | import { supabase } from "@/components/SupabaseProvider";
  5 | import VoiceButton from "@/components/VoiceButton";
> 6 | import VoiceButton from "@/components/VoiceButton";
    |        ^^^^^^^^^^^
  7 |
  8 | // 素材库定义（每个分类80个）
  9 | // 素材库定义（每个分类80个，全部使用 Unicode 6.0-9.0 高兼容性emoji）

Ecmascript file had an error

Import traces:
  Client Component Browser:
    ./src/components/ModuleIdeation.tsx [Client Component Browser]
    ./src/app/student/page.tsx [Client Component Browser]
    ./src/app/student/page.tsx [Server Component]

  Client Component SSR:
    ./src/components/ModuleIdeation.tsx [Client Component SSR]
    ./src/app/student/page.tsx [Client Component SSR]
    ./src/app/student/page.tsx [Server Component]


    at <unknown> (Error: ./src/components/ModuleIdeation.tsx:6:8)
    at <unknown> (Error: (./src/components/ModuleIdeation.tsx:6:8)
⨯ ./src/components/ModuleIdeation.tsx:6:8
the name `VoiceButton` is defined multiple times
  [90m4 |[0m [36mimport[0m { supabase } [36mfrom[0m [32m"@/components/SupabaseProvider"[0m;
  [90m5 |[0m [36mimport[0m [33mVoiceButton[0m [36mfrom[0m [32m"@/components/VoiceButton"[0m;
[31m[1m>[0m [90m6 |[0m [36mimport[0m [33mVoiceButton[0m [36mfrom[0m [32m"@/components/VoiceButton"[0m;
  [90m  |[0m        [31m[1m^^^^^^^^^^^[0m
  [90m7 |[0m
  [90m8 |[0m [90m// 素材库定义（每个分类80个）[0m
  [90m9 |[0m [90m// 素材库定义（每个分类80个，全部使用 Unicode 6.0-9.0 高兼容性emoji）[0m

Ecmascript file had an error

Import traces:
  Client Component Browser:
    ./src/components/ModuleIdeation.tsx [Client Component Browser]
    ./src/app/student/page.tsx [Client Component Browser]
    ./src/app/student/page.tsx [Server Component]

  Client Component SSR:
    ./src/components/ModuleIdeation.tsx [Client Component SSR]
    ./src/app/student/page.tsx [Client Component SSR]
    ./src/app/student/page.tsx [Server Component]


 GET /student 500 in 79ms (next.js: 67ms, application-code: 11ms)
[browser] Uncaught Error: ./src/components/ModuleIdeation.tsx:6:8
the name `VoiceButton` is defined multiple times
  4 | import { supabase } from "@/components/SupabaseProvider";
  5 | import VoiceButton from "@/components/VoiceButton";
> 6 | import VoiceButton from "@/components/VoiceButton";
    |        ^^^^^^^^^^^
  7 |
  8 | // 素材库定义（每个分类80个）
  9 | // 素材库定义（每个分类80个，全部使用 Unicode 6.0-9.0 高兼容性emoji）

Ecmascript file had an error

Import traces:
  Client Component Browser:
    ./src/components/ModuleIdeation.tsx [Client Component Browser]
    ./src/app/student/page.tsx [Client Component Browser]
    ./src/app/student/page.tsx [Server Component]

  Client Component SSR:
    ./src/components/ModuleIdeation.tsx [Client Component SSR]
    ./src/app/student/page.tsx [Client Component SSR]
    ./src/app/student/page.tsx [Server Component]


    at <unknown> (Error: ./src/components/ModuleIdeation.tsx:6:8)
    at <unknown> (Error: (./src/components/ModuleIdeation.tsx:6:8)
✓ Compiled in 108ms
 GET /student 200 in 55ms (next.js: 6ms, application-code: 49ms)
 GET /api/student/tasks?task_id=survey 200 in 745ms (next.js: 91ms, application-code: 654ms)
 GET /api/student/tasks?task_id=survey 200 in 213ms (next.js: 3ms, application-code: 210ms)
 GET /api/student/tasks?task_id=1-1 200 in 380ms (next.js: 1940µs, application-code: 378ms)
 GET /api/student/tasks?task_id=1-1 200 in 197ms (next.js: 3ms, application-code: 194ms)
 GET /student 200 in 55ms (next.js: 7ms, application-code: 48ms)
 GET /api/student/tasks?task_id=survey 200 in 425ms (next.js: 2ms, application-code: 422ms)
 GET /api/student/tasks?task_id=survey 200 in 172ms (next.js: 3ms, application-code: 169ms)
 GET /api/student/tasks?task_id=1-1 200 in 335ms (next.js: 4ms, application-code: 332ms)
 GET /api/student/tasks?task_id=1-1 200 in 205ms (next.js: 2ms, application-code: 202ms)
✓ Compiled in 101ms
 GET /student 200 in 192ms (next.js: 137ms, application-code: 54ms)
✓ Compiled in 96ms
 GET /student 200 in 160ms (next.js: 129ms, application-code: 31ms)
 GET /student 200 in 136ms (next.js: 5ms, application-code: 131ms)
 GET /api/student/tasks?task_id=survey 200 in 610ms (next.js: 97ms, application-code: 513ms)
 GET /api/student/tasks?task_id=survey 200 in 179ms (next.js: 4ms, application-code: 175ms)
 GET /api/student/tasks?task_id=1-1 200 in 342ms (next.js: 2ms, application-code: 340ms)
 GET /api/student/tasks?task_id=1-1 200 in 236ms (next.js: 2ms, application-code: 234ms)
✓ Compiled in 110ms
 GET /student 200 in 183ms (next.js: 145ms, application-code: 38ms)
✓ Compiled in 82ms
 GET /student 200 in 196ms (next.js: 154ms, application-code: 42ms)
 GET /student 200 in 131ms (next.js: 6ms, application-code: 126ms)
 GET /api/student/tasks?task_id=survey 200 in 653ms (next.js: 90ms, application-code: 563ms)
 GET /api/student/tasks?task_id=survey 200 in 200ms (next.js: 3ms, application-code: 198ms)
 GET /api/student/tasks?task_id=1-1 200 in 315ms (next.js: 2ms, application-code: 313ms)
 GET /api/student/tasks?task_id=1-1 200 in 190ms (next.js: 2ms, application-code: 188ms)
✓ Compiled in 108ms
 GET /student 200 in 183ms (next.js: 150ms, application-code: 33ms)
✓ Compiled in 99ms
 GET /student 200 in 205ms (next.js: 163ms, application-code: 42ms)
✓ Compiled in 84ms
 GET /student 200 in 198ms (next.js: 152ms, application-code: 46ms)
 POST /api/student/tasks 200 in 676ms (next.js: 3ms, application-code: 674ms)
 POST /api/student/tasks 200 in 2.1s (next.js: 103ms, application-code: 1993ms)
 POST /api/student/group-messages 200 in 355ms (next.js: 163ms, application-code: 192ms)
 GET /api/student/group-messages?group_id=1606 200 in 185ms (next.js: 1950µs, application-code: 183ms)
 POST /api/student/group-messages 200 in 324ms (next.js: 3ms, application-code: 321ms)
 GET /api/student/group-messages?group_id=1606 200 in 179ms (next.js: 3ms, application-code: 176ms)
 POST /api/student/group-messages 200 in 361ms (next.js: 1962µs, application-code: 359ms)
 GET /api/student/group-messages?group_id=1606 200 in 278ms (next.js: 2ms, application-code: 276ms)
✓ Compiled in 100ms
 GET /student 200 in 185ms (next.js: 143ms, application-code: 42ms)
✓ Compiled in 78ms
 GET /student 200 in 188ms (next.js: 153ms, application-code: 35ms)
 GET /api/student/tasks?task_id=1-1 200 in 1218ms (next.js: 133ms, application-code: 1085ms)
 GET /api/student/tasks?task_id=1-1 200 in 255ms (next.js: 3ms, application-code: 252ms)
 GET /api/student/sessions 200 in 3.2s (next.js: 207ms, application-code: 2.9s)
 POST /api/student/sessions 200 in 614ms (next.js: 6ms, application-code: 608ms)
 GET /api/student/sessions 200 in 1966ms (next.js: 3ms, application-code: 1963ms)
 POST /api/chat 200 in 18.0s (next.js: 194ms, application-code: 17.8s)
✓ Compiled in 150ms
 GET /student 200 in 268ms (next.js: 147ms, application-code: 121ms)
 GET /student 200 in 56ms (next.js: 6ms, application-code: 50ms)
 POST /api/chat 200 in 57s (next.js: 5ms, application-code: 57s)
✓ Compiled in 89ms
 GET /student 200 in 184ms (next.js: 146ms, application-code: 39ms)
 GET /api/student/tasks?task_id=survey 200 in 726ms (next.js: 116ms, application-code: 611ms)
 GET /api/student/tasks?task_id=survey 200 in 179ms (next.js: 3ms, application-code: 176ms)
 GET /api/student/tasks?task_id=1-1 200 in 365ms (next.js: 2ms, application-code: 362ms)
 GET /api/student/tasks?task_id=1-1 200 in 204ms (next.js: 2ms, application-code: 202ms)
 GET /student 200 in 145ms (next.js: 4ms, application-code: 141ms)
 GET /api/student/tasks?task_id=survey 200 in 530ms (next.js: 3ms, application-code: 528ms)
 GET /api/student/tasks?task_id=survey 200 in 155ms (next.js: 3ms, application-code: 152ms)
 GET /api/student/tasks?task_id=1-1 200 in 377ms (next.js: 3ms, application-code: 373ms)
 GET /api/student/tasks?task_id=1-1 200 in 178ms (next.js: 2ms, application-code: 176ms)
 POST /api/student/group-messages 200 in 627ms (next.js: 39ms, application-code: 588ms)
 GET /api/student/group-messages?group_id=4752 200 in 195ms (next.js: 1966µs, application-code: 193ms)
 POST /api/student/group-messages 200 in 168ms (next.js: 2ms, application-code: 166ms)
 GET /api/student/group-messages?group_id=6952 200 in 152ms (next.js: 5ms, application-code: 147ms)
 GET /api/student/tasks?task_id=1-1 200 in 816ms (next.js: 5ms, application-code: 811ms)
 GET /api/student/tasks?task_id=1-1 200 in 468ms (next.js: 4ms, application-code: 463ms)
 GET /api/student/tasks?task_id=1-1 200 in 389ms (next.js: 3ms, application-code: 385ms)
 GET /api/student/tasks?task_id=1-1 200 in 400ms (next.js: 4ms, application-code: 397ms)
 GET /api/reviews 200 in 1533ms (next.js: 238ms, application-code: 1295ms)
 GET /api/student/sessions 200 in 2.7s (next.js: 61ms, application-code: 2.7s)
 GET /api/reviews 200 in 751ms (next.js: 5ms, application-code: 745ms)
 GET /api/student/tasks?task_id=survey 200 in 406ms (next.js: 4ms, application-code: 402ms)
 GET /api/student/tasks?task_id=survey 200 in 171ms (next.js: 3ms, application-code: 168ms)
 GET /api/student/tasks?task_id=1-1 200 in 309ms (next.js: 2ms, application-code: 306ms)
 GET /api/student/sessions 200 in 1803ms (next.js: 5ms, application-code: 1798ms)
 GET /api/student/tasks?task_id=1-1 200 in 185ms (next.js: 2ms, application-code: 183ms)
 GET /api/student/sessions 200 in 2.2s (next.js: 3ms, application-code: 2.2s)
 GET /api/student/sessions 200 in 2.2s (next.js: 1872µs, application-code: 2.2s)
 GET /api/student/tasks?task_id=1-1 200 in 359ms (next.js: 6ms, application-code: 353ms)
 GET /api/student/tasks?task_id=1-1 200 in 207ms (next.js: 4ms, application-code: 203ms)
 GET /api/student/sessions 200 in 2.2s (next.js: 18ms, application-code: 2.2s)
✓ Compiled in 1985ms
 GET /api/student/sessions 200 in 2.2s (next.js: 4ms, application-code: 2.2s)
 POST /api/student/sessions 200 in 989ms (next.js: 3ms, application-code: 985ms)
 POST /api/chat 200 in 19.0s (next.js: 69ms, application-code: 19.0s)
✓ Compiled in 120ms
 GET /student 200 in 150ms (next.js: 116ms, application-code: 34ms)
✓ Compiled in 4.7s
 GET /student 200 in 1464ms (next.js: 1398ms, application-code: 66ms)
 GET /student 200 in 58ms (next.js: 5ms, application-code: 53ms)
 GET /student 200 in 32ms (next.js: 5ms, application-code: 27ms)
 GET /api/student/tasks?task_id=survey 200 in 405ms (next.js: 36ms, application-code: 369ms)
 GET /api/student/tasks?task_id=survey 200 in 197ms (next.js: 3ms, application-code: 194ms)
 GET /api/student/tasks?task_id=1-1 200 in 361ms (next.js: 2ms, application-code: 358ms)
 GET /api/student/tasks?task_id=1-1 200 in 244ms (next.js: 4ms, application-code: 240ms)
 POST /api/chat 200 in 10.1s (next.js: 130ms, application-code: 10.0s)
 GET /api/student/tasks?task_id=1-1 200 in 396ms (next.js: 3ms, application-code: 393ms)
 GET /api/student/tasks?task_id=1-1 200 in 211ms (next.js: 4ms, application-code: 207ms)
 GET /api/student/tasks?task_id=survey 200 in 285ms (next.js: 3ms, application-code: 282ms)
 GET /api/student/tasks?task_id=survey 200 in 158ms (next.js: 4ms, application-code: 154ms)
 GET /api/student/tasks?task_id=1-1 200 in 320ms (next.js: 2ms, application-code: 317ms)
 GET /api/student/sessions 200 in 2.5s (next.js: 45ms, application-code: 2.5s)
 GET /api/student/tasks?task_id=1-1 200 in 312ms (next.js: 2ms, application-code: 310ms)
 GET /api/student/sessions 200 in 2.2s (next.js: 2ms, application-code: 2.2s)
 GET /api/student/tasks?task_id=1-1 200 in 320ms (next.js: 4ms, application-code: 316ms)
 GET /api/student/tasks?task_id=1-1 200 in 173ms (next.js: 2ms, application-code: 171ms)
○ Compiling /student ...
 GET /student 200 in 64s (next.js: 63s, application-code: 299ms)
 GET /student 200 in 240ms (next.js: 126ms, application-code: 114ms)
 GET /student 200 in 239ms (next.js: 177ms, application-code: 62ms)
 GET /student 200 in 241ms (next.js: 156ms, application-code: 85ms)
 GET /student 200 in 215ms (next.js: 11ms, application-code: 204ms)
 GET /api/student/sessions 200 in 65s (next.js: 11ms, application-code: 65s)
 GET /student 200 in 97ms (next.js: 32ms, application-code: 65ms)
 GET /student 200 in 98ms (next.js: 8ms, application-code: 91ms)
 GET /student 200 in 98ms (next.js: 54ms, application-code: 44ms)
 GET /student 200 in 304ms (next.js: 8ms, application-code: 296ms)
 GET /api/student/tasks?task_id=survey 200 in 578ms (next.js: 87ms, application-code: 491ms)
 GET /api/student/tasks?task_id=survey 200 in 196ms (next.js: 3ms, application-code: 193ms)
 GET /api/student/tasks?task_id=1-1 200 in 404ms (next.js: 1917µs, application-code: 402ms)
 GET /api/student/tasks?task_id=1-1 200 in 1311ms (next.js: 3ms, application-code: 1308ms)
 GET /api/student/tasks?task_id=1-1 200 in 1007ms (next.js: 54ms, application-code: 954ms)
 GET /api/student/tasks?task_id=1-1 200 in 295ms (next.js: 3ms, application-code: 292ms)
 GET /api/student/sessions 200 in 3.5s (next.js: 43ms, application-code: 3.4s)
 GET /api/student/sessions 200 in 2.7s (next.js: 4ms, application-code: 2.7s)
✓ Compiled in 104ms
 GET /student 200 in 162ms (next.js: 127ms, application-code: 35ms)
 POST /api/student/sessions 200 in 1026ms (next.js: 120ms, application-code: 907ms)
 GET /api/student/messages?session_id=1409589f-196a-4a39-b022-59d7730ab43e 200 in 378ms (next.js: 147ms, application-code: 231ms)
 DELETE /api/student/sessions 200 in 575ms (next.js: 4ms, application-code: 571ms)
 DELETE /api/student/sessions 200 in 423ms (next.js: 3ms, application-code: 420ms)
 POST /api/chat 200 in 17.8s (next.js: 31ms, application-code: 17.8s)
✓ Compiled in 85ms
 GET /student 200 in 180ms (next.js: 140ms, application-code: 40ms)
 GET /api/student/messages?session_id=ce1ebb11-f7e4-498d-a9f6-69ce2376caf0 200 in 1136ms (next.js: 95ms, application-code: 1041ms)
 GET /api/student/messages?session_id=8ae7696f-25a2-47b4-b51b-240f74f6744b 200 in 195ms (next.js: 2ms, application-code: 192ms)
 PATCH /api/student/sessions 200 in 274ms (next.js: 26ms, application-code: 247ms)
 DELETE /api/student/sessions 200 in 504ms (next.js: 4ms, application-code: 500ms)
 DELETE /api/student/sessions 200 in 422ms (next.js: 4ms, application-code: 419ms)
 DELETE /api/student/sessions 200 in 336ms (next.js: 2ms, application-code: 333ms)
 GET /api/student/messages?session_id=ce1ebb11-f7e4-498d-a9f6-69ce2376caf0 200 in 191ms (next.js: 2ms, application-code: 189ms)
 DELETE /api/student/sessions 200 in 610ms (next.js: 4ms, application-code: 606ms)
 DELETE /api/student/sessions 200 in 403ms (next.js: 7ms, application-code: 395ms)
 GET /api/student/tasks?task_id=survey 200 in 252ms (next.js: 45ms, application-code: 207ms)
 GET /api/student/tasks?task_id=survey 200 in 185ms (next.js: 3ms, application-code: 182ms)
 GET /api/student/tasks?task_id=1-1 200 in 256ms (next.js: 2ms, application-code: 253ms)
 GET /api/student/tasks?task_id=1-1 200 in 197ms (next.js: 2ms, application-code: 195ms)
